[0m2021.04.08 16:01:36 INFO  Started: Metals version 0.10.1 in workspace '/home/arielrubio/myfolder/ProjectZero/projectzero' for client vscode 1.55.0.[0m
[0m2021.04.08 16:01:36 INFO  time: initialize in 0.29s[0m
[0m2021.04.08 16:01:36 WARN  Build server is not auto-connectable.[0m
[0m2021.04.08 16:01:47 INFO  running '/usr/lib/jvm/java-8-openjdk-amd64/bin/java -Djline.terminal=jline.UnsupportedTerminal -Dsbt.log.noformat=true -Dfile.encoding=UTF-8 -jar /tmp/metals4188839334888039425/sbt-launch.jar -Dbloop.export-jar-classifiers=sources bloopInstall'[0m
[0m2021.04.08 16:01:48 WARN  no build target for: /home/arielrubio/myfolder/ProjectZero/projectzero/project/metals.sbt[0m
[0m2021.04.08 16:01:48 WARN  no build target for: /home/arielrubio/myfolder/ProjectZero/projectzero/project/project/metals.sbt[0m
[0m2021.04.08 16:01:48 INFO  skipping build import with status 'Started'[0m
[0m2021.04.08 16:01:48 INFO  [info] welcome to sbt 1.4.9 (Private Build Java 1.8.0_282)[0m
[0m2021.04.08 16:01:49 INFO  no build target: using presentation compiler with only scala-library: 2.12.13[0m
[0m2021.04.08 16:01:50 INFO  [info] loading settings for project projectzero-build-build from metals.sbt ...[0m
[0m2021.04.08 16:01:50 INFO  [info] loading project definition from /home/arielrubio/myfolder/ProjectZero/projectzero/project/project[0m
[0m2021.04.08 16:01:52 INFO  [info] loading settings for project projectzero-build from metals.sbt ...[0m
[0m2021.04.08 16:01:52 INFO  [info] loading project definition from /home/arielrubio/myfolder/ProjectZero/projectzero/project[0m
[0m2021.04.08 16:01:54 INFO  [success] Generated .bloop/projectzero-build.json[0m
[0m2021.04.08 16:01:54 INFO  [success] Total time: 1 s, completed Apr 8, 2021 4:01:54 PM[0m
[0m2021.04.08 16:01:55 INFO  [info] loading settings for project projectzero from build.sbt ...[0m
[0m2021.04.08 16:01:55 INFO  [info] set current project to hello-world (in build file:/home/arielrubio/myfolder/ProjectZero/projectzero/)[0m
[0m2021.04.08 16:01:55 INFO  [success] Generated .bloop/projectzero-test.json[0m
[0m2021.04.08 16:01:55 INFO  [success] Generated .bloop/projectzero.json[0m
[0m2021.04.08 16:01:55 INFO  [success] Total time: 0 s, completed Apr 8, 2021 4:01:55 PM[0m
[0m2021.04.08 16:01:55 INFO  sbt bloopInstall exit: 0[0m
[0m2021.04.08 16:01:55 INFO  time: ran 'sbt bloopInstall' in 8.06s[0m
[0m2021.04.08 16:01:55 INFO  Attempting to connect to the build server...[0m
Starting the bsp launcher for bloop...
Opening a bsp server connection with 'bsp --protocol local --socket /tmp/bsp-launcher565186908731190473/bsp.socket'...
Waiting for the bsp connection to come up...
[0m[32m[D][0m Loading 2 projects from '/home/arielrubio/myfolder/ProjectZero/projectzero/.bloop'...
[0m[32m[D][0m Loading project from '/home/arielrubio/myfolder/ProjectZero/projectzero/.bloop/projectzero.json'
[0m[32m[D][0m Loading project from '/home/arielrubio/myfolder/ProjectZero/projectzero/.bloop/projectzero-test.json'
[0m[32m[D][0m Missing analysis file for project 'projectzero-test'
[0m[32m[D][0m Missing analysis file for project 'projectzero'
[0m[32m[D][0m Waiting for a connection at local:///tmp/bsp-launcher565186908731190473/bsp.socket...
The server is listening for incoming connections at local:///tmp/bsp-launcher565186908731190473/bsp.socket...
Starting thread that pumps stdin and redirects it to the bsp server...
Starting thread that pumps server stdout and redirects it to the client stdout...
[0m2021.04.08 16:01:56 INFO  tracing is disabled for protocol BSP, to enable tracing of incoming and outgoing JSON messages create an empty file at /home/arielrubio/.cache/metals/bsp.trace.json[0m
[0m2021.04.08 16:01:56 INFO  Attempting to connect to the build server...[0m
Starting the bsp launcher for bloop...
Opening a bsp server connection with 'bsp --protocol local --socket /tmp/bsp-launcher1975362741913795415/bsp.socket'...
Waiting for the bsp connection to come up...
[0m[32m[D][0m Loading workspace settings from bloop.settings.json
[0m[32m[D][0m Waiting for a connection at local:///tmp/bsp-launcher1975362741913795415/bsp.socket...
The server is listening for incoming connections at local:///tmp/bsp-launcher1975362741913795415/bsp.socket...
Starting thread that pumps stdin and redirects it to the bsp server...
Starting thread that pumps server stdout and redirects it to the client stdout...
[0m2021.04.08 16:01:56 INFO  tracing is disabled for protocol BSP, to enable tracing of incoming and outgoing JSON messages create an empty file at /home/arielrubio/.cache/metals/bsp.trace.json[0m
[0m2021.04.08 16:01:56 INFO  time: Connected to build server in 0.22s[0m
[0m2021.04.08 16:01:56 INFO  Connected to Build server: Bloop v1.4.8[0m
[0m2021.04.08 16:01:56 WARN  Could not find java sources in None. Java symbols will not be available.[0m
[0m2021.04.08 16:01:57 INFO  time: indexed workspace in 1.71s[0m
[0m2021.04.08 16:02:02 INFO  compiling projectzero (1 scala source)[0m
[0m2021.04.08 16:02:02 INFO  time: compiled projectzero in 0.53s[0m
something's wrong: no file:///home/arielrubio/myfolder/ProjectZero/projectzero/src/main/scala/Main.scala in Array[<error>]RangePosition(file:///home/arielrubio/myfolder/ProjectZero/projectzero/src/main/scala/Main.scala, 52, 52, 67)
something's wrong: no file:///home/arielrubio/myfolder/ProjectZero/projectzero/src/main/scala/Main.scala in Array[<error>]RangePosition(file:///home/arielrubio/myfolder/ProjectZero/projectzero/src/main/scala/Main.scala, 52, 52, 60)
something's wrong: no file:///home/arielrubio/myfolder/ProjectZero/projectzero/src/main/scala/Main.scala in Array[<error>]RangePosition(file:///home/arielrubio/myfolder/ProjectZero/projectzero/src/main/scala/Main.scala, 52, 52, 61)
something's wrong: no file:///home/arielrubio/myfolder/ProjectZero/projectzero/src/main/scala/Main.scala in Array[<error>]RangePosition(file:///home/arielrubio/myfolder/ProjectZero/projectzero/src/main/scala/Main.scala, 52, 52, 62)
something's wrong: no file:///home/arielrubio/myfolder/ProjectZero/projectzero/src/main/scala/Main.scala in Array[String]RangePosition(file:///home/arielrubio/myfolder/ProjectZero/projectzero/src/main/scala/Main.scala, 52, 52, 65)
something's wrong: no file:///home/arielrubio/myfolder/ProjectZero/projectzero/src/main/scala/Main.scala in Array[String]RangePosition(file:///home/arielrubio/myfolder/ProjectZero/projectzero/src/main/scala/Main.scala, 52, 52, 65)
something's wrong: no file:///home/arielrubio/myfolder/ProjectZero/projectzero/src/main/scala/Main.scala in Array[String]RangePosition(file:///home/arielrubio/myfolder/ProjectZero/projectzero/src/main/scala/Main.scala, 52, 52, 65)
[0m2021.04.08 16:03:08 INFO  compiling projectzero (1 scala source)[0m
[0m2021.04.08 16:03:08 INFO  time: compiled projectzero in 96ms[0m
[0m2021.04.08 16:03:16 INFO  compiling projectzero (1 scala source)[0m
[0m2021.04.08 16:03:16 INFO  time: compiled projectzero in 55ms[0m
[0m2021.04.08 16:03:40 INFO  compiling projectzero (1 scala source)[0m
[0m2021.04.08 16:03:40 INFO  time: compiled projectzero in 0.52s[0m
